2020-01-15 10:48:41,402 INFO  [Logger] Iniciando o ChromeDriver. 
2020-01-15 10:48:47,201 INFO  [Logger] Maximizando a tela. 
2020-01-15 10:48:51,327 INFO  [Logger] Adicionando uma espera implicita. 
2020-01-15 10:48:51,334 INFO  [Logger] Acessando o site através da url. 
2020-01-15 10:48:52,452 INFO  [Logger] Inicializando o método de pesquisa 
2020-01-15 10:48:55,932 INFO  [Logger] Encerrando o driver 
2020-01-15 11:37:02,530 INFO  [Logger] Iniciando o ChromeDriver. 
2020-01-15 11:37:08,425 INFO  [Logger] Maximizando a tela. 
2020-01-15 11:37:12,643 INFO  [Logger] Adicionando uma espera implicita. 
2020-01-15 11:37:12,681 INFO  [Logger] Acessando o site através da url. 
2020-01-15 11:37:13,966 INFO  [Logger] Inicializando o método de pesquisa. 
2020-01-15 11:37:13,967 INFO  [Logger] Adicionando uma espera implicita. 
2020-01-15 11:37:13,976 INFO  [Logger] Espera o elemento ser visível na página. 
2020-01-15 11:37:14,452 INFO  [Logger] Clica no icone de pesquisa. 
2020-01-15 11:37:14,511 INFO  [Logger] Preenche a pesquisa com massa de dados do excel. 
2020-01-15 11:37:14,763 INFO  [Logger] Pressiona Enter. 
2020-01-15 11:37:14,791 INFO  [Logger] Espera até que na url contenha a palavra search. 
2020-01-15 11:37:17,394 INFO  [Logger] Espera o elemento se tornar visível na página. 
2020-01-15 11:37:23,881 INFO  [Logger] Encerrando o driver. 
2020-01-15 11:37:41,025 INFO  [Logger] Iniciando o ChromeDriver. 
2020-01-15 11:37:46,960 INFO  [Logger] Maximizando a tela. 
2020-01-15 11:37:51,130 INFO  [Logger] Adicionando uma espera implicita. 
2020-01-15 11:37:51,170 INFO  [Logger] Acessando o site através da url. 
2020-01-15 11:37:52,339 INFO  [Logger] Inicializando o método de pesquisa. 
2020-01-15 11:37:52,340 INFO  [Logger] Adicionando uma espera implicita. 
2020-01-15 11:37:52,347 INFO  [Logger] Espera o elemento ser visível na página. 
2020-01-15 11:37:52,978 INFO  [Logger] Clica no icone de pesquisa. 
2020-01-15 11:37:53,042 INFO  [Logger] Preenche a pesquisa com massa de dados do excel. 
2020-01-15 11:37:53,286 INFO  [Logger] Pressiona Enter. 
2020-01-15 11:37:53,314 INFO  [Logger] Espera até que na url contenha a palavra search. 
2020-01-15 11:37:55,857 INFO  [Logger] Espera o elemento se tornar visível na página. 
2020-01-15 11:38:00,510 INFO  [Logger] Encerrando o driver. 
2020-01-15 11:45:57,484 INFO  [Logger] Iniciando o ChromeDriver. 
2020-01-15 11:46:03,408 INFO  [Logger] Maximizando a tela. 
2020-01-15 11:46:07,586 INFO  [Logger] Adicionando uma espera implicita. 
2020-01-15 11:46:07,609 INFO  [Logger] Acessando o site através da url. 
2020-01-15 11:46:09,162 INFO  [Logger] Inicializando o método de pesquisa. 
2020-01-15 11:46:09,162 INFO  [Classe de Pesquisa] Adicionando uma espera implicita. 
2020-01-15 11:46:09,170 INFO  [Classe de Pesquisa] Espera o elemento ser visível na página. 
2020-01-15 11:46:09,608 INFO  [Classe de Pesquisa] Clica no icone de pesquisa. 
2020-01-15 11:46:09,714 INFO  [Classe de Pesquisa] Preenche a pesquisa com massa de dados do excel. 
2020-01-15 11:46:10,063 INFO  [Classe de Pesquisa] Pressiona Enter. 
2020-01-15 11:46:10,149 INFO  [Classe de Pesquisa] Espera até que na url contenha a palavra search. 
2020-01-15 11:46:12,281 INFO  [Classe de Pesquisa] Espera o elemento se tornar visível na página. 
2020-01-15 11:46:22,334 INFO  [Logger] Encerrando o driver. 
2020-01-15 13:35:17,571 INFO  [Teste de pesquisa] Iniciando o ChromeDriver. 
2020-01-15 13:35:23,869 INFO  [Teste de pesquisa] Maximizando a tela. 
2020-01-15 13:35:28,043 INFO  [Teste de pesquisa] Adicionando uma espera implicita. 
2020-01-15 13:35:28,065 INFO  [Teste de pesquisa] Acessando o site através da url. 
2020-01-15 13:35:29,613 INFO  [Teste de pesquisa] Inicializando o método de pesquisa. 
2020-01-15 13:35:29,613 INFO  [Classe de pesquisa] Adicionando uma espera implicita. 
2020-01-15 13:35:29,628 INFO  [Classe de pesquisa] Espera o elemento ser visível na página. 
2020-01-15 13:35:30,042 INFO  [Classe de pesquisa] Clica no icone de pesquisa. 
2020-01-15 13:35:30,139 INFO  [Classe de pesquisa] Preenche a pesquisa com massa de dados do excel. 
2020-01-15 13:35:30,615 INFO  [Classe de pesquisa] Pressiona Enter. 
2020-01-15 13:35:30,660 INFO  [Classe de pesquisa] Espera até que na url contenha a palavra search. 
2020-01-15 13:35:33,216 INFO  [Classe de pesquisa] Espera o elemento se tornar visível na página. 
2020-01-15 13:35:43,327 INFO  [Teste de pesquisa] Encerrando o driver. 
2020-01-15 13:38:03,177 INFO  [Teste de pesquisa] Iniciando o ChromeDriver. 
2020-01-15 13:38:09,092 INFO  [Teste de pesquisa] Maximizando a tela. 
2020-01-15 13:38:13,250 INFO  [Teste de pesquisa] Adicionando uma espera implicita. 
2020-01-15 13:38:13,261 INFO  [Teste de pesquisa] Acessando o site através da url. 
2020-01-15 13:38:14,409 INFO  [Teste de pesquisa] Inicializando o método de pesquisa. 
2020-01-15 13:38:14,409 INFO  [Classe de pesquisa] Adicionando uma espera implicita. 
2020-01-15 13:38:14,418 INFO  [Classe de pesquisa] Espera o elemento ser visível na página. 
2020-01-15 13:38:14,849 INFO  [Classe de pesquisa] Clica no icone de pesquisa. 
2020-01-15 13:38:14,914 INFO  [Classe de pesquisa] Preenche a pesquisa com massa de dados do excel. 
2020-01-15 13:38:15,209 INFO  [Classe de pesquisa] Pressiona Enter. 
2020-01-15 13:38:15,251 INFO  [Classe de pesquisa] Espera até que na url contenha a palavra search. 
2020-01-15 13:38:17,875 INFO  [Classe de pesquisa] Espera o elemento se tornar visível na página. 
2020-01-15 13:38:28,004 INFO  [Teste de pesquisa] Encerrando o driver. 
2020-01-15 13:40:05,253 INFO  [Teste de pesquisa] Iniciando o ChromeDriver. 
2020-01-15 13:40:11,148 INFO  [Teste de pesquisa] Maximizando a tela. 
2020-01-15 13:40:15,342 INFO  [Teste de pesquisa] Adicionando uma espera implicita. 
2020-01-15 13:40:15,369 INFO  [Teste de pesquisa] Acessando o site através da url. 
2020-01-15 13:40:16,973 INFO  [Teste de pesquisa] Inicializando o método de pesquisa. 
2020-01-15 13:40:16,977 INFO  [Classe de pesquisa] Adicionando uma espera implicita. 
2020-01-15 13:40:16,999 INFO  [Classe de pesquisa] Espera o elemento ser visível na página. 
2020-01-15 13:40:17,325 INFO  [Classe de pesquisa] Clica no icone de pesquisa. 
2020-01-15 13:40:17,421 INFO  [Classe de pesquisa] Preenche a pesquisa com massa de dados do excel. 
2020-01-15 13:40:17,753 INFO  [Classe de pesquisa] Pressiona Enter. 
2020-01-15 13:40:17,788 INFO  [Classe de pesquisa] Espera até que na url contenha a palavra search. 
2020-01-15 13:40:20,024 INFO  [Classe de pesquisa] Espera o elemento se tornar visível na página. 
2020-01-15 13:40:30,150 INFO  [Teste de pesquisa] Encerrando o driver. 
2020-01-15 13:41:37,155 INFO  [Teste de pesquisa] Iniciando o ChromeDriver. 
2020-01-15 13:41:43,035 INFO  [Teste de pesquisa] Maximizando a tela. 
2020-01-15 13:41:47,212 INFO  [Teste de pesquisa] Adicionando uma espera implicita. 
2020-01-15 13:41:47,232 INFO  [Teste de pesquisa] Acessando o site através da url. 
2020-01-15 13:41:48,877 INFO  [Teste de pesquisa] Inicializando o método de pesquisa. 
2020-01-15 13:41:48,877 INFO  [Classe de pesquisa] Adicionando uma espera implicita. 
2020-01-15 13:41:48,886 INFO  [Classe de pesquisa] Espera o elemento ser visível na página. 
2020-01-15 13:41:49,286 INFO  [Classe de pesquisa] Clica no icone de pesquisa. 
2020-01-15 13:41:49,378 INFO  [Classe de pesquisa] Preenche a pesquisa com massa de dados do excel. 
2020-01-15 13:41:49,748 INFO  [Classe de pesquisa] Pressiona Enter. 
2020-01-15 13:41:49,834 INFO  [Classe de pesquisa] Espera até que na url contenha a palavra search. 
2020-01-15 13:41:52,009 INFO  [Classe de pesquisa] Espera o elemento se tornar visível na página. 
2020-01-15 13:42:02,049 INFO  [Teste de pesquisa] Encerrando o driver. 
2020-01-15 13:45:02,784 INFO  [Teste de pesquisa] Iniciando o ChromeDriver. 
2020-01-15 13:45:08,750 INFO  [Teste de pesquisa] Maximizando a tela. 
2020-01-15 13:45:12,906 INFO  [Teste de pesquisa] Adicionando uma espera implicita. 
2020-01-15 13:45:12,915 INFO  [Teste de pesquisa] Acessando o site através da url. 
2020-01-15 13:45:14,104 INFO  [Teste de pesquisa] Inicializando o método de pesquisa. 
2020-01-15 13:45:14,105 INFO  [Classe de pesquisa] Adicionando uma espera implicita. 
2020-01-15 13:45:14,114 INFO  [Classe de pesquisa] Espera o elemento ser visível na página. 
2020-01-15 13:45:14,559 INFO  [Classe de pesquisa] Clica no icone de pesquisa. 
2020-01-15 13:45:14,622 INFO  [Classe de pesquisa] Preenche a pesquisa com massa de dados do excel. 
2020-01-15 13:45:14,940 INFO  [Classe de pesquisa] Pressiona Enter. 
2020-01-15 13:45:14,984 INFO  [Classe de pesquisa] Espera até que na url contenha a palavra search. 
2020-01-15 13:45:17,601 INFO  [Classe de pesquisa] Espera o elemento se tornar visível na página. 
2020-01-15 13:45:17,695 INFO  [Classe de pesquisa] Clica no elemento. 
2020-01-15 13:45:18,253 INFO  [Teste de pesquisa] Encerrando o driver. 
2020-01-15 13:45:42,202 INFO  [Teste de pesquisa] Iniciando o ChromeDriver. 
2020-01-15 13:45:48,129 INFO  [Teste de pesquisa] Maximizando a tela. 
2020-01-15 13:45:52,306 INFO  [Teste de pesquisa] Adicionando uma espera implicita. 
2020-01-15 13:45:52,326 INFO  [Teste de pesquisa] Acessando o site através da url. 
2020-01-15 13:45:53,907 INFO  [Teste de pesquisa] Inicializando o método de pesquisa. 
2020-01-15 13:45:53,907 INFO  [Classe de pesquisa] Adicionando uma espera implicita. 
2020-01-15 13:45:53,915 INFO  [Classe de pesquisa] Espera o elemento ser visível na página. 
2020-01-15 13:45:54,306 INFO  [Classe de pesquisa] Clica no icone de pesquisa. 
2020-01-15 13:45:54,450 INFO  [Classe de pesquisa] Preenche a pesquisa com massa de dados do excel. 
2020-01-15 13:45:54,794 INFO  [Classe de pesquisa] Pressiona Enter. 
2020-01-15 13:45:54,864 INFO  [Classe de pesquisa] Espera até que na url contenha a palavra search. 
2020-01-15 13:45:56,992 INFO  [Classe de pesquisa] Espera o elemento se tornar visível na página. 
2020-01-15 13:45:57,080 INFO  [Classe de pesquisa] Clica no elemento. 
2020-01-15 13:45:57,565 INFO  [Teste de pesquisa] Encerrando o driver. 
2020-01-15 13:46:12,435 INFO  [Teste de pesquisa] Iniciando o ChromeDriver. 
2020-01-15 13:46:18,372 INFO  [Teste de pesquisa] Maximizando a tela. 
2020-01-15 13:46:22,545 INFO  [Teste de pesquisa] Adicionando uma espera implicita. 
2020-01-15 13:46:22,566 INFO  [Teste de pesquisa] Acessando o site através da url. 
2020-01-15 13:46:24,134 INFO  [Teste de pesquisa] Inicializando o método de pesquisa. 
2020-01-15 13:46:24,138 INFO  [Classe de pesquisa] Adicionando uma espera implicita. 
2020-01-15 13:46:24,144 INFO  [Classe de pesquisa] Espera o elemento ser visível na página. 
2020-01-15 13:46:24,544 INFO  [Classe de pesquisa] Clica no icone de pesquisa. 
2020-01-15 13:46:24,670 INFO  [Classe de pesquisa] Preenche a pesquisa com massa de dados do excel. 
2020-01-15 13:46:25,012 INFO  [Classe de pesquisa] Pressiona Enter. 
2020-01-15 13:46:25,099 INFO  [Classe de pesquisa] Espera até que na url contenha a palavra search. 
2020-01-15 13:46:27,697 INFO  [Classe de pesquisa] Espera o elemento se tornar visível na página. 
2020-01-15 13:46:27,822 INFO  [Classe de pesquisa] Clica no elemento. 
2020-01-15 13:46:28,283 INFO  [Teste de pesquisa] Encerrando o driver. 
2020-01-15 13:49:37,396 INFO  [Logger] Iniciando o ChromeDriver. 
2020-01-15 13:49:43,335 INFO  [Logger] Maximizando a tela. 
2020-01-15 13:49:47,481 INFO  [Logger] Adicionando uma espera implicita. 
2020-01-15 13:49:47,485 INFO  [Logger] Acessando o site através da url. 
2020-01-15 13:49:48,311 INFO  [Logger] Chamando o método de registro. 
2020-01-15 13:49:48,312 INFO  [Logger] Adicionando uma espera implicita. 
2020-01-15 13:49:48,333 INFO  [Logger] Espera o elemento ser clicavel. 
2020-01-15 13:49:49,400 INFO  [Logger] Clica no elemento. 
2020-01-15 13:49:49,553 INFO  [Logger] Espera o elemento ser clicavel. 
2020-01-15 13:49:50,146 INFO  [Logger] Clica no elemento. 
2020-01-15 13:49:50,191 INFO  [Logger] Preenchendo o campo username. 
2020-01-15 13:49:50,637 INFO  [Logger] Preenchendo o campo email. 
2020-01-15 13:49:50,965 INFO  [Logger] Preenchendo o campo senha. 
2020-01-15 13:49:51,145 INFO  [Logger] Preenchendo o campo de confirmação de senha. 
2020-01-15 13:49:51,336 INFO  [Logger] Preenchendo o campo com o primeiro nome. 
2020-01-15 13:49:51,534 INFO  [Logger] Preenchendo o campo com o último nome. 
2020-01-15 13:49:51,708 INFO  [Logger] Preenchendo o campo telefone. 
2020-01-15 13:49:51,900 INFO  [Logger] Preenchendo o campo País. 
2020-01-15 13:49:52,082 INFO  [Logger] Preenchendo o campo cidade. 
2020-01-15 13:49:52,256 INFO  [Logger] Preenchendo o campo endereço. 
2020-01-15 13:49:52,576 INFO  [Logger] Preenchendo o campo estado. 
2020-01-15 13:49:52,754 INFO  [Logger] Preenchendo o campo cep. 
2020-01-15 13:49:52,903 INFO  [Logger] Concordando com termos. 
2020-01-15 13:49:53,049 INFO  [Logger] Clicando no botão para confirmar registro. 
2020-01-15 13:49:53,573 INFO  [Logger] Encerrando o navegador. 
2020-01-15 13:51:09,130 INFO  [Teste de pesquisa] Iniciando o ChromeDriver. 
2020-01-15 13:51:15,045 INFO  [Teste de pesquisa] Maximizando a tela. 
2020-01-15 13:51:19,231 INFO  [Teste de pesquisa] Adicionando uma espera implicita. 
2020-01-15 13:51:19,253 INFO  [Teste de pesquisa] Acessando o site através da url. 
2020-01-15 13:51:20,794 INFO  [Teste de pesquisa] Inicializando o método de pesquisa. 
2020-01-15 13:51:20,794 INFO  [Classe de pesquisa] Adicionando uma espera implicita. 
2020-01-15 13:51:20,809 INFO  [Classe de pesquisa] Espera o elemento ser visível na página. 
2020-01-15 13:51:21,188 INFO  [Classe de pesquisa] Clica no icone de pesquisa. 
2020-01-15 13:51:21,300 INFO  [Classe de pesquisa] Preenche a pesquisa com massa de dados do excel. 
2020-01-15 13:51:21,626 INFO  [Classe de pesquisa] Pressiona Enter. 
2020-01-15 13:51:21,673 INFO  [Classe de pesquisa] Espera até que na url contenha a palavra search. 
2020-01-15 13:51:26,302 INFO  [Classe de pesquisa] Espera o elemento se tornar visível na página. 
2020-01-15 13:51:26,378 INFO  [Classe de pesquisa] Clica no elemento. 
2020-01-15 13:51:26,855 INFO  [Teste de pesquisa] Encerrando o driver. 
2020-01-15 13:52:20,084 INFO  [Teste de pesquisa] Iniciando o ChromeDriver. 
2020-01-15 13:52:26,000 INFO  [Teste de pesquisa] Maximizando a tela. 
2020-01-15 13:52:30,211 INFO  [Teste de pesquisa] Adicionando uma espera implicita. 
2020-01-15 13:52:30,230 INFO  [Teste de pesquisa] Acessando o site através da url. 
2020-01-15 13:52:31,852 INFO  [Teste de pesquisa] Inicializando o método de pesquisa. 
2020-01-15 13:52:31,853 INFO  [Classe de pesquisa] Adicionando uma espera implicita. 
2020-01-15 13:52:31,863 INFO  [Classe de pesquisa] Espera o elemento ser visível na página. 
2020-01-15 13:52:32,154 INFO  [Classe de pesquisa] Clica no icone de pesquisa. 
2020-01-15 13:52:32,235 INFO  [Classe de pesquisa] Preenche a pesquisa com massa de dados do excel. 
2020-01-15 13:52:32,572 INFO  [Classe de pesquisa] Pressiona Enter. 
2020-01-15 13:52:32,609 INFO  [Classe de pesquisa] Espera até que na url contenha a palavra search. 
2020-01-15 13:52:35,158 INFO  [Classe de pesquisa] Espera o elemento se tornar visível na página. 
2020-01-15 13:52:35,223 INFO  [Classe de pesquisa] Clica no elemento. 
2020-01-15 13:52:35,849 INFO  [Teste de pesquisa] Encerrando o driver. 
2020-01-15 13:54:26,923 INFO  [Logger] Iniciando o ChromeDriver. 
2020-01-15 13:54:32,834 INFO  [Logger] Maximizando a tela. 
2020-01-15 13:54:37,004 INFO  [Logger] Adicionando uma espera implicita. 
2020-01-15 13:54:37,013 INFO  [Logger] Acessando o site através da url. 
2020-01-15 13:54:37,772 INFO  [Logger] Inicializando o método de pesquisa pela página inicial. 
2020-01-15 13:54:37,773 INFO  [Logger] Adicionando uma espera implicita. 
2020-01-15 13:54:37,781 INFO  [Logger] Clicando no elemento. 
2020-01-15 13:54:41,535 INFO  [Logger] Encerrando o driver. 
